Log file open, 05/20/22 22:24:01
LogPlatformFile: Not using cached read wrapper
LogICUInternationalization: ICU TimeZone Detection - Raw Offset: +2:00, Platform Override: ''
LogInit: Build: ++UE5+Release-5.0-CL-0
LogInit: Engine Version: 5.0.1-0+++UE5+Release-5.0
LogInit: Compatible Engine Version: 5.0.0-0+++UE5+Release-5.0
LogInit: Net CL: 0
LogInit: OS: Gentoo Linux (5.17.5-gentoo), CPU: AMD Ryzen 5 5600H with Radeon Graphics         , GPU: GenericGPUBrand
LogInit: Compiled (64-bit): May 20 2022 10:01:31
LogInit: Compiled with Clang: 11.0.1 
LogInit: Build Configuration: Shipping
LogInit: Branch Name: ++UE5+Release-5.0
LogInit: Command Line:  -Abslog="/home/ruby/Code Workspace/Unity/Just_A_Racing_Game/Saved/Logs/Just_A_Racing_Game-CRC.log" -Unattended "/home/ruby/Code Workspace/Unity/Just_A_Racing_Game/Saved/Crashes/ensureinfo-Just_A_Racing_Game-pid-994803-293E164E2C954F648CE76ED5AC145F5F/"
LogInit: Base Directory: /home/ruby/Downloads/UnrealEngine/Engine/Binaries/Linux/
LogInit: Allocator: Mimalloc
LogInit: Installed Engine Build: 1
LogInit: Presizing for max 100000 objects, including 0 objects not considered by GC, pre-allocating 0 bytes for permanent pool.
LogInit: Object subsystem initialized
LogConfig: Applying CVar settings from Section [ConsoleVariables] File [Engine]
[2022.05.20-19.24.01:499][  0]LogInit: Unix hardware info:
[2022.05.20-19.24.01:499][  0]LogInit:  - we are the first instance of this executable
[2022.05.20-19.24.01:499][  0]LogInit:  - this process' id (pid) is 1000502, parent process' id (ppid) is 994803
[2022.05.20-19.24.01:499][  0]LogInit:  - we are not running under debugger
[2022.05.20-19.24.01:499][  0]LogInit:  - machine network name is 'RubyOS.HomeNet'
[2022.05.20-19.24.01:499][  0]LogInit:  - user name is 'ruby' (ruby)
[2022.05.20-19.24.01:499][  0]LogInit:  - we're logged in locally
[2022.05.20-19.24.01:499][  0]LogInit:  - we're running with rendering
[2022.05.20-19.24.01:499][  0]LogInit:  - CPU: AuthenticAMD 'AMD Ryzen 5 5600H with Radeon Graphics         ' (signature: 0xA50F00)
[2022.05.20-19.24.01:499][  0]LogInit:  - Number of physical cores available for the process: 6
[2022.05.20-19.24.01:499][  0]LogInit:  - Number of logical cores available for the process: 12
[2022.05.20-19.24.01:499][  0]LogInit:  - Cache line size: 64
[2022.05.20-19.24.01:499][  0]LogInit:  - GPU Info. Card0 PCI-id: 0x1002-0x1638 Card1 PCI-id: 0x10de-0x25e2 NVRM version: NVIDIA UNIX x86_64 Kernel Module  515.43.04  Tue Apr 26 15:52:32 UTC 2022
[2022.05.20-19.24.01:499][  0]LogInit:  - Memory allocator used: Mimalloc
[2022.05.20-19.24.01:499][  0]LogInit:  - This binary is optimized with LTO: no, PGO: no, instrumented for PGO data collection: no
[2022.05.20-19.24.01:499][  0]LogInit:  - This is an internal build.
[2022.05.20-19.24.01:499][  0]LogCore: Skipped benchmarking clocks because the engine is running in a standalone program mode - CLOCK_MONOTONIC will be used.
[2022.05.20-19.24.01:499][  0]LogInit: Unix-specific commandline switches:
[2022.05.20-19.24.01:500][  0]LogInit:  -ansimalloc - use malloc()/free() from libc (useful for tools like valgrind and electric fence)
[2022.05.20-19.24.01:500][  0]LogInit:  -jemalloc - use jemalloc for all memory allocation
[2022.05.20-19.24.01:500][  0]LogInit:  -binnedmalloc - use binned malloc  for all memory allocation
[2022.05.20-19.24.01:500][  0]LogInit:  -filemapcachesize=NUMBER - set the size for case-sensitive file mapping cache
[2022.05.20-19.24.01:500][  0]LogInit:  -useksm - uses kernel same-page mapping (KSM) for mapped memory (OFF)
[2022.05.20-19.24.01:500][  0]LogInit:  -ksmmergeall - marks all mmap'd memory pages suitable for KSM (OFF)
[2022.05.20-19.24.01:500][  0]LogInit:  -preloadmodulesymbols - Loads the main module symbols file into memory (OFF)
[2022.05.20-19.24.01:500][  0]LogInit:  -sigdfl=SIGNAL - Allows a specific signal to be set to its default handler rather then ignoring the signal
[2022.05.20-19.24.01:500][  0]LogInit:  -crashhandlerstacksize - Allows setting crash handler stack sizes (204800)
[2022.05.20-19.24.01:500][  0]LogInit:  -noexclusivelockonwrite - disables marking files created by the engine as exclusive locked while the engine has them opened
[2022.05.20-19.24.01:500][  0]LogInit:  -httpproxy=ADDRESS:PORT - redirects HTTP requests to a proxy (only supported if compiled with libcurl)
[2022.05.20-19.24.01:500][  0]LogInit:  -reuseconn - allow libcurl to reuse HTTP connections (only matters if compiled with libcurl)
[2022.05.20-19.24.01:500][  0]LogInit:  -virtmemkb=NUMBER - sets process virtual memory (address space) limit (overrides VirtualMemoryLimitInKB value from .ini)
[2022.05.20-19.24.01:500][  0]LogInit:  - Physical RAM available (not considering process quota): 14 GB (13901 MB, 14235004 KB, 14576644096 bytes)
[2022.05.20-19.24.01:500][  0]LogInit:  - VirtualMemoryAllocator pools will grow at scale 1.4
[2022.05.20-19.24.01:500][  0]LogInit:  - MemoryRangeDecommit() will be a no-op (re-run with -vmapoolevict to change)
[2022.05.20-19.24.01:503][  0]LogUObjectArray: 388 objects as part of root set at end of initial load.
[2022.05.20-19.24.01:503][  0]LogUObjectAllocator: 79472 out of 0 bytes used by permanent object pool.
[2022.05.20-19.24.01:503][  0]LogUObjectArray: CloseDisregardForGC: 0/0 objects in disregard for GC pool
[2022.05.20-19.24.01:503][  0]LogInit: Using OS detected language (en-US-POSIX).
[2022.05.20-19.24.01:503][  0]LogInit: Using OS detected locale (en-US-POSIX).
[2022.05.20-19.24.01:504][  0]LogTextLocalizationManager: No specific localization for 'en-US-POSIX' exists, so 'en' will be used for the language.
[2022.05.20-19.24.01:521][  0]LogInit: Using OS detected language (en-US-POSIX).
[2022.05.20-19.24.01:521][  0]LogInit: Using OS detected locale (en-US-POSIX).
[2022.05.20-19.24.01:521][  0]LogTextLocalizationManager: No localization for 'en-US-POSIX' exists, so 'en' will be used for the language.
[2022.05.20-19.24.01:521][  0]LogTextLocalizationManager: No localization for 'en-US-POSIX' exists, so 'en' will be used for the locale.
[2022.05.20-19.24.01:522][  0]LogPackageLocalizationCache: Processed 2 localized package path(s) for 1 prioritized culture(s) in 0.000036 seconds
[2022.05.20-19.24.01:522][  0]CrashReportCoreLog: CrashReportClientVersion=1.0
[2022.05.20-19.24.01:522][  0]CrashReportCoreLog: CrashReportReceiver disabled
[2022.05.20-19.24.01:522][  0]CrashReportCoreLog: DataRouterUrl: https://datarouter.ol.epicgames.com/datarouter/api/v1/public/data
[2022.05.20-19.24.01:523][  0]CrashReportCoreLog: Initial state = Unknown UploadState value
[2022.05.20-19.24.01:523][  0]CrashReportCoreLog: Initial state = Unknown UploadState value
[2022.05.20-19.24.01:523][  0]LogCrashDebugHelper: DepotName: //UE5/Release-5.0
[2022.05.20-19.24.01:523][  0]LogCrashDebugHelper: BuiltFromCL: 0
[2022.05.20-19.24.01:523][  0]LogCrashDebugHelper: EngineVersion: 5.0.1-0+++UE5+Release-5.0
[2022.05.20-19.24.01:523][  0]LogCrashDebugHelper: BuildVersion: ++UE5+Release-5.0-CL-0
[2022.05.20-19.24.02:499][  0]CrashReportCoreLog: Got 4 pending files to upload from 'ensureinfo-Just_A_Racing_Game-pid-994803-293E164E2C954F648CE76ED5AC145F5F'
[2022.05.20-19.24.02:499][  0]CrashReportCoreLog: State change from Ready to SendingFiles
[2022.05.20-19.24.02:499][  0]CrashReportCoreLog: CompressAndSendData have 4 pending files
[2022.05.20-19.24.02:499][  0]CrashReportCoreLog: CompressAndSendData compressing 10491 bytes ('/home/ruby/Code Workspace/Unity/Just_A_Racing_Game/Saved/Crashes/ensureinfo-Just_A_Racing_Game-pid-994803-293E164E2C954F648CE76ED5AC145F5F/Diagnostics.txt')
[2022.05.20-19.24.02:499][  0]CrashReportCoreLog: CompressAndSendData compressing 48935 bytes ('/home/ruby/Code Workspace/Unity/Just_A_Racing_Game/Saved/Crashes/ensureinfo-Just_A_Racing_Game-pid-994803-293E164E2C954F648CE76ED5AC145F5F/CrashContext.runtime-xml')
[2022.05.20-19.24.02:499][  0]CrashReportCoreLog: CompressAndSendData compressing 176647 bytes ('/home/ruby/Code Workspace/Unity/Just_A_Racing_Game/Saved/Crashes/ensureinfo-Just_A_Racing_Game-pid-994803-293E164E2C954F648CE76ED5AC145F5F/Just_A_Racing_Game.log')
[2022.05.20-19.24.02:499][  0]CrashReportCoreLog: CompressAndSendData compressing 107 bytes ('/home/ruby/Code Workspace/Unity/Just_A_Racing_Game/Saved/Crashes/ensureinfo-Just_A_Racing_Game-pid-994803-293E164E2C954F648CE76ED5AC145F5F/CrashReportClient.ini')
[2022.05.20-19.24.02:520][  0]LogInit: Using libcurl 7.65.3-DEV
[2022.05.20-19.24.02:520][  0]LogInit:  - built for x86_64-unknown-linux-gnu
[2022.05.20-19.24.02:520][  0]LogInit:  - supports SSL with OpenSSL/1.1.1c
[2022.05.20-19.24.02:520][  0]LogInit:  - supports HTTP deflate (compression) using libz 1.2.8
[2022.05.20-19.24.02:520][  0]LogInit:  - other features:
[2022.05.20-19.24.02:520][  0]LogInit:      CURL_VERSION_SSL
[2022.05.20-19.24.02:520][  0]LogInit:      CURL_VERSION_LIBZ
[2022.05.20-19.24.02:520][  0]LogInit:      CURL_VERSION_IPV6
[2022.05.20-19.24.02:520][  0]LogInit:      CURL_VERSION_ASYNCHDNS
[2022.05.20-19.24.02:520][  0]LogInit:      CURL_VERSION_LARGEFILE
[2022.05.20-19.24.02:520][  0]LogInit:      CURL_VERSION_TLSAUTH_SRP
[2022.05.20-19.24.02:521][  0]LogInit:  CurlRequestOptions (configurable via config and command line):
[2022.05.20-19.24.02:521][  0]LogInit:  - bVerifyPeer = false  - Libcurl will NOT verify peer certificate
[2022.05.20-19.24.02:521][  0]LogInit:  - bUseHttpProxy = false  - Libcurl will NOT use HTTP proxy
[2022.05.20-19.24.02:521][  0]LogInit:  - bDontReuseConnections = false  - Libcurl will reuse connections
[2022.05.20-19.24.02:521][  0]LogInit:  - MaxHostConnections = 16  - Libcurl will limit the number of connections to a host
[2022.05.20-19.24.02:521][  0]LogInit:  - LocalHostAddr = Default
[2022.05.20-19.24.02:521][  0]LogInit:  - BufferSize = 65536
[2022.05.20-19.24.02:521][  0]CrashReportCoreLog: Sending HTTP request: https://datarouter.ol.epicgames.com/datarouter/api/v1/public/data?AppID=CrashReporter&AppVersion=5.0.1-0%2B%2B%2BUE5%2BRelease-5.0&AppEnvironment=Release&UploadType=crashreports&UserID=a6b139d376ce5803587618a562303ec1-000003e8%7C%7Ca6b139d376ce5803587618a562303ec1
[2022.05.20-19.24.03:729][  0]CrashReportCoreLog: OnProcessRequestComplete(), State=SendingFiles bSucceeded=1
[2022.05.20-19.24.03:729][  0]CrashReportCoreLog: State change from SendingFiles to SendingFiles
[2022.05.20-19.24.03:729][  0]CrashReportCoreLog: All uploads done
[2022.05.20-19.24.03:729][  0]CrashReportCoreLog: State change from SendingFiles to Finished
[2022.05.20-19.24.04:530][  0]CrashReportCoreLog: Final state (Receiver) = Finished
[2022.05.20-19.24.04:530][  0]CrashReportCoreLog: Final state (Receiver) = Unknown UploadState value
[2022.05.20-19.24.04:530][  0]LogCore: Engine exit requested (reason: CrashReportClientApp RequestExit)
[2022.05.20-19.24.04:530][  0]LogExit: Preparing to exit.
[2022.05.20-19.24.04:531][  0]LogExit: Object subsystem successfully closed.
[2022.05.20-19.24.04:531][  0]LogModuleManager: Shutting down and abandoning module HTTP (12)
[2022.05.20-19.24.04:531][  0]LogHttp: Warning: Cleaning up 0 outstanding Http requests.
[2022.05.20-19.24.04:549][  0]LogModuleManager: Shutting down and abandoning module SSL (11)
[2022.05.20-19.24.04:550][  0]LogModuleManager: Shutting down and abandoning module CrashDebugHelper (8)
[2022.05.20-19.24.04:550][  0]LogModuleManager: Shutting down and abandoning module CoreUObject (6)
[2022.05.20-19.24.04:550][  0]LogModuleManager: Shutting down and abandoning module PakFile (4)
[2022.05.20-19.24.04:550][  0]LogModuleManager: Shutting down and abandoning module RSA (3)
[2022.05.20-19.24.04:551][  0]LogExit: Exiting.
[2022.05.20-19.24.04:561][  0]Log file closed, 05/20/22 22:24:04
